<?xml version="1.0" encoding="UTF-8"?>
<testng-results ignored="0" total="3" passed="3" failed="0" skipped="0">
  <reporter-output>
  </reporter-output>
  <suite started-at="2023-10-14T12:56:51 IST" name="Suite" finished-at="2023-10-14T12:57:23 IST" duration-ms="31794">
    <groups>
    </groups>
    <test started-at="2023-10-14T12:56:51 IST" name="Test" finished-at="2023-10-14T12:57:23 IST" duration-ms="31794">
      <class name="testcases.TestClass1">
        <test-method is-config="true" signature="launchDriver()[pri:0, instance:testcases.TestClass1@52bf72b5]" started-at="2023-10-14T12:56:51 IST" name="launchDriver" finished-at="2023-10-14T12:56:56 IST" duration-ms="4489" status="PASS">
          <reporter-output>
          </reporter-output>
        </test-method> <!-- launchDriver -->
        <test-method signature="Test1()[pri:0, instance:testcases.TestClass1@52bf72b5]" started-at="2023-10-14T12:56:56 IST" name="Test1" finished-at="2023-10-14T12:57:07 IST" duration-ms="11582" status="PASS">
          <reporter-output>
          </reporter-output>
        </test-method> <!-- Test1 -->
        <test-method is-config="true" signature="quit()[pri:0, instance:testcases.TestClass1@52bf72b5]" started-at="2023-10-14T12:57:07 IST" name="quit" finished-at="2023-10-14T12:57:08 IST" duration-ms="336" status="PASS">
          <reporter-output>
          </reporter-output>
        </test-method> <!-- quit -->
        <test-method is-config="true" signature="launchDriver()[pri:0, instance:testcases.TestClass1@52bf72b5]" started-at="2023-10-14T12:57:08 IST" name="launchDriver" finished-at="2023-10-14T12:57:09 IST" duration-ms="1745" status="PASS">
          <reporter-output>
          </reporter-output>
        </test-method> <!-- launchDriver -->
        <test-method signature="Test2()[pri:0, instance:testcases.TestClass1@52bf72b5]" started-at="2023-10-14T12:57:09 IST" name="Test2" finished-at="2023-10-14T12:57:15 IST" duration-ms="5367" status="PASS">
          <reporter-output>
          </reporter-output>
        </test-method> <!-- Test2 -->
        <test-method is-config="true" signature="quit()[pri:0, instance:testcases.TestClass1@52bf72b5]" started-at="2023-10-14T12:57:15 IST" name="quit" finished-at="2023-10-14T12:57:15 IST" duration-ms="333" status="PASS">
          <reporter-output>
          </reporter-output>
        </test-method> <!-- quit -->
        <test-method is-config="true" signature="launchDriver()[pri:0, instance:testcases.TestClass1@52bf72b5]" started-at="2023-10-14T12:57:15 IST" name="launchDriver" finished-at="2023-10-14T12:57:17 IST" duration-ms="1715" status="PASS">
          <reporter-output>
          </reporter-output>
        </test-method> <!-- launchDriver -->
        <test-method signature="Test3()[pri:0, instance:testcases.TestClass1@52bf72b5]" started-at="2023-10-14T12:57:17 IST" name="Test3" finished-at="2023-10-14T12:57:23 IST" duration-ms="5825" status="PASS">
          <reporter-output>
          </reporter-output>
        </test-method> <!-- Test3 -->
        <test-method is-config="true" signature="quit()[pri:0, instance:testcases.TestClass1@52bf72b5]" started-at="2023-10-14T12:57:23 IST" name="quit" finished-at="2023-10-14T12:57:23 IST" duration-ms="317" status="PASS">
          <reporter-output>
          </reporter-output>
        </test-method> <!-- quit -->
      </class> <!-- testcases.TestClass1 -->
    </test> <!-- Test -->
  </suite> <!-- Suite -->
</testng-results>
