<?xml version="1.0" encoding="UTF-8"?>
<testng-results ignored="0" total="3" passed="3" failed="0" skipped="0">
  <reporter-output>
  </reporter-output>
  <suite started-at="2023-09-27T14:25:33 IST" name="Suite" finished-at="2023-09-27T14:27:08 IST" duration-ms="95037">
    <groups>
    </groups>
    <test started-at="2023-09-27T14:25:33 IST" name="Test" finished-at="2023-09-27T14:27:08 IST" duration-ms="95037">
      <class name="testcases.TestClass1">
        <test-method is-config="true" signature="launchDriver()[pri:0, instance:testcases.TestClass1@3b69e7d1]" started-at="2023-09-27T14:25:33 IST" name="launchDriver" finished-at="2023-09-27T14:26:33 IST" duration-ms="59594" status="PASS">
          <reporter-output>
          </reporter-output>
        </test-method> <!-- launchDriver -->
        <test-method signature="Test1()[pri:0, instance:testcases.TestClass1@3b69e7d1]" started-at="2023-09-27T14:26:33 IST" name="Test1" finished-at="2023-09-27T14:26:37 IST" duration-ms="4003" status="PASS">
          <reporter-output>
          </reporter-output>
        </test-method> <!-- Test1 -->
        <test-method is-config="true" signature="quit()[pri:0, instance:testcases.TestClass1@3b69e7d1]" started-at="2023-09-27T14:26:37 IST" name="quit" finished-at="2023-09-27T14:26:38 IST" duration-ms="1489" status="PASS">
          <reporter-output>
          </reporter-output>
        </test-method> <!-- quit -->
        <test-method is-config="true" signature="launchDriver()[pri:0, instance:testcases.TestClass1@3b69e7d1]" started-at="2023-09-27T14:26:38 IST" name="launchDriver" finished-at="2023-09-27T14:26:44 IST" duration-ms="5349" status="PASS">
          <reporter-output>
          </reporter-output>
        </test-method> <!-- launchDriver -->
        <test-method signature="Test2()[pri:0, instance:testcases.TestClass1@3b69e7d1]" started-at="2023-09-27T14:26:44 IST" name="Test2" finished-at="2023-09-27T14:26:48 IST" duration-ms="4043" status="PASS">
          <reporter-output>
          </reporter-output>
        </test-method> <!-- Test2 -->
        <test-method is-config="true" signature="quit()[pri:0, instance:testcases.TestClass1@3b69e7d1]" started-at="2023-09-27T14:26:48 IST" name="quit" finished-at="2023-09-27T14:26:49 IST" duration-ms="1305" status="PASS">
          <reporter-output>
          </reporter-output>
        </test-method> <!-- quit -->
        <test-method is-config="true" signature="launchDriver()[pri:0, instance:testcases.TestClass1@3b69e7d1]" started-at="2023-09-27T14:26:49 IST" name="launchDriver" finished-at="2023-09-27T14:26:56 IST" duration-ms="7113" status="PASS">
          <reporter-output>
          </reporter-output>
        </test-method> <!-- launchDriver -->
        <test-method signature="Test3()[pri:0, instance:testcases.TestClass1@3b69e7d1]" started-at="2023-09-27T14:26:56 IST" name="Test3" finished-at="2023-09-27T14:27:04 IST" duration-ms="7742" status="PASS">
          <reporter-output>
          </reporter-output>
        </test-method> <!-- Test3 -->
        <test-method is-config="true" signature="quit()[pri:0, instance:testcases.TestClass1@3b69e7d1]" started-at="2023-09-27T14:27:04 IST" name="quit" finished-at="2023-09-27T14:27:08 IST" duration-ms="4020" status="PASS">
          <reporter-output>
          </reporter-output>
        </test-method> <!-- quit -->
      </class> <!-- testcases.TestClass1 -->
    </test> <!-- Test -->
  </suite> <!-- Suite -->
</testng-results>
